[2018-03-17 20:56:47] alias_create_execute
alias_create_execute () 
{ 
    for _path in "$rvm_rubies_path" "$rvm_environments_path" "$rvm_wrappers_path";
    do
        if [[ -L "$_path/$alias_name" ]]; then
            \command \rm -fv "$_path/$alias_name" || return $?;
        fi;
        \command \ln -fs "$_path/$rvm_ruby_string" "$_path/$alias_name" || return $?;
    done;
    __rvm_db_ "$rvm_path/config/alias" "$alias_name" "$rvm_ruby_string"
}
current path: /home/max
GEM_HOME=/home/max/.rvm/gems/ruby-2.4.2
PATH=/home/max/.rvm/gems/ruby-2.4.2/bin:/home/max/.rvm/gems/ruby-2.4.2@global/bin:/home/max/.rvm/rubies/ruby-2.4.2/bin:/home/max/.rvm/bin:/home/max/bin:/home/max/.local/bin:/usr/local/sbin:/usr/local/bin:/usr/sbin:/usr/bin:/sbin:/bin:/usr/games:/usr/local/games:/snap/bin
GEM_PATH=/home/max/.rvm/gems/ruby-2.4.2:/home/max/.rvm/gems/ruby-2.4.2@global
command(1): alias_create_execute
+ for _path in '"$rvm_rubies_path"' '"$rvm_environments_path"' '"$rvm_wrappers_path"'
+ [[ -L /home/max/.rvm/rubies/default ]]
+ command ln -fs /home/max/.rvm/rubies/ruby-2.4.2 /home/max/.rvm/rubies/default
+ ln -fs /home/max/.rvm/rubies/ruby-2.4.2 /home/max/.rvm/rubies/default
+ for _path in '"$rvm_rubies_path"' '"$rvm_environments_path"' '"$rvm_wrappers_path"'
+ [[ -L /home/max/.rvm/environments/default ]]
+ command ln -fs /home/max/.rvm/environments/ruby-2.4.2 /home/max/.rvm/environments/default
+ ln -fs /home/max/.rvm/environments/ruby-2.4.2 /home/max/.rvm/environments/default
+ for _path in '"$rvm_rubies_path"' '"$rvm_environments_path"' '"$rvm_wrappers_path"'
+ [[ -L /home/max/.rvm/wrappers/default ]]
+ command ln -fs /home/max/.rvm/wrappers/ruby-2.4.2 /home/max/.rvm/wrappers/default
+ ln -fs /home/max/.rvm/wrappers/ruby-2.4.2 /home/max/.rvm/wrappers/default
+ __rvm_db_ /home/max/.rvm/config/alias default ruby-2.4.2
+ typeset __db __key __value
+ __db=/home/max/.rvm/config/alias
+ __key=default
+ shift 2
+ __value=ruby-2.4.2
+ case "${__value}" in
+ __rvm_db_add /home/max/.rvm/config/alias default ruby-2.4.2
+ typeset __dir=/home/max/.rvm/config
+ [[ -f /home/max/.rvm/config/alias ]]
+ __rvm_db_remove /home/max/.rvm/config/alias default
+ [[ -f /home/max/.rvm/config/alias ]]
+ __rvm_sed -e '\#^default=# d' -e '/^$/d' /home/max/.rvm/config/alias
+ sed -e '\#^default=# d' -e '/^$/d' /home/max/.rvm/config/alias
+ command mv -f /home/max/.rvm/config/alias.new /home/max/.rvm/config/alias
+ mv -f /home/max/.rvm/config/alias.new /home/max/.rvm/config/alias
+ printf '%b=%b\n' default ruby-2.4.2
